app/build/intermediates/manifest_merge_blame_file/release/manifest-merger-blame-release-report.txt
1<?xml version="1.0" encoding="utf-8"?>
2<manifest xmlns:android="http://schemas.android.com/apk/res/android"
3    package="com.colormine.banking"
4    android:versionCode="1"
5    android:versionName="1.0" >
6
7    <uses-sdk
8        android:minSdkVersion="24"
9        android:targetSdkVersion="34" />
10
11    <!-- Network -->
12    <uses-permission android:name="android.permission.INTERNET" />
12-->src\main\AndroidManifest.xml:6:5-67
12-->src\main\AndroidManifest.xml:6:22-64
13    <uses-permission android:name="android.permission.ACCESS_NETWORK_STATE" />
13-->src\main\AndroidManifest.xml:7:5-79
13-->src\main\AndroidManifest.xml:7:22-76
14    <uses-permission android:name="android.permission.CHANGE_NETWORK_STATE" />
14-->src\main\AndroidManifest.xml:8:5-79
14-->src\main\AndroidManifest.xml:8:22-76
15
16    <!-- SMS -->
17    <uses-feature
17-->src\main\AndroidManifest.xml:11:5-88
18        android:name="android.hardware.telephony"
18-->src\main\AndroidManifest.xml:11:19-60
19        android:required="false" />
19-->src\main\AndroidManifest.xml:11:61-85
20
21    <uses-permission android:name="android.permission.SEND_SMS" />
21-->src\main\AndroidManifest.xml:12:5-67
21-->src\main\AndroidManifest.xml:12:22-64
22    <uses-permission android:name="android.permission.RECEIVE_SMS" />
22-->src\main\AndroidManifest.xml:13:5-70
22-->src\main\AndroidManifest.xml:13:22-67
23    <uses-permission android:name="android.permission.READ_SMS" />
23-->src\main\AndroidManifest.xml:14:5-67
23-->src\main\AndroidManifest.xml:14:22-64
24
25    <!-- Camera -->
26    <uses-permission android:name="android.permission.CAMERA" />
26-->src\main\AndroidManifest.xml:17:5-65
26-->src\main\AndroidManifest.xml:17:22-62
27
28    <uses-feature
28-->src\main\AndroidManifest.xml:18:5-85
29        android:name="android.hardware.camera"
29-->src\main\AndroidManifest.xml:18:19-57
30        android:required="false" />
30-->src\main\AndroidManifest.xml:18:58-82
31
32    <!-- Location (GPS) -->
33    <uses-permission android:name="android.permission.ACCESS_FINE_LOCATION" />
33-->src\main\AndroidManifest.xml:21:5-79
33-->src\main\AndroidManifest.xml:21:22-76
34    <uses-permission android:name="android.permission.ACCESS_COARSE_LOCATION" />
34-->src\main\AndroidManifest.xml:22:5-81
34-->src\main\AndroidManifest.xml:22:22-78
35
36    <!-- WiFi -->
37    <uses-permission android:name="android.permission.ACCESS_WIFI_STATE" />
37-->src\main\AndroidManifest.xml:25:5-76
37-->src\main\AndroidManifest.xml:25:22-73
38    <uses-permission android:name="android.permission.CHANGE_WIFI_STATE" />
38-->src\main\AndroidManifest.xml:26:5-76
38-->src\main\AndroidManifest.xml:26:22-73
39
40    <!-- Bluetooth -->
41    <uses-permission android:name="android.permission.BLUETOOTH" />
41-->src\main\AndroidManifest.xml:29:5-68
41-->src\main\AndroidManifest.xml:29:22-65
42    <uses-permission android:name="android.permission.BLUETOOTH_ADMIN" />
42-->src\main\AndroidManifest.xml:30:5-74
42-->src\main\AndroidManifest.xml:30:22-71
43    <uses-permission android:name="android.permission.BLUETOOTH_SCAN" />
43-->src\main\AndroidManifest.xml:31:5-73
43-->src\main\AndroidManifest.xml:31:22-70
44    <uses-permission android:name="android.permission.BLUETOOTH_CONNECT" />
44-->src\main\AndroidManifest.xml:32:5-76
44-->src\main\AndroidManifest.xml:32:22-73
45
46    <!-- Contacts -->
47    <uses-permission android:name="android.permission.READ_CONTACTS" />
47-->src\main\AndroidManifest.xml:35:5-72
47-->src\main\AndroidManifest.xml:35:22-69
48
49    <!-- Vibration -->
50    <uses-permission android:name="android.permission.VIBRATE" />
50-->src\main\AndroidManifest.xml:38:5-66
50-->src\main\AndroidManifest.xml:38:22-63
51
52    <!-- Foreground Service -->
53    <uses-permission android:name="android.permission.FOREGROUND_SERVICE" />
53-->src\main\AndroidManifest.xml:41:5-77
53-->src\main\AndroidManifest.xml:41:22-74
54    <uses-permission android:name="android.permission.POST_NOTIFICATIONS" />
54-->src\main\AndroidManifest.xml:42:5-77
54-->src\main\AndroidManifest.xml:42:22-74
55
56    <permission
56-->[androidx.core:core:1.13.1] AndroidManifest.xml:22:5-24:47
57        android:name="com.colormine.banking.DYNAMIC_RECEIVER_NOT_EXPORTED_PERMISSION"
57-->[androidx.core:core:1.13.1] AndroidManifest.xml:23:9-81
58        android:protectionLevel="signature" />
58-->[androidx.core:core:1.13.1] AndroidManifest.xml:24:9-44
59
60    <uses-permission android:name="com.colormine.banking.DYNAMIC_RECEIVER_NOT_EXPORTED_PERMISSION" />
60-->[androidx.core:core:1.13.1] AndroidManifest.xml:26:5-97
60-->[androidx.core:core:1.13.1] AndroidManifest.xml:26:22-94
61
62    <application
62-->src\main\AndroidManifest.xml:44:5-121:19
63        android:allowBackup="true"
63-->src\main\AndroidManifest.xml:45:9-35
64        android:appComponentFactory="androidx.core.app.CoreComponentFactory"
64-->[androidx.core:core:1.13.1] AndroidManifest.xml:28:18-86
65        android:extractNativeLibs="false"
66        android:icon="@drawable/ic_launcher"
66-->src\main\AndroidManifest.xml:46:9-45
67        android:label="@string/app_name"
67-->src\main\AndroidManifest.xml:47:9-41
68        android:roundIcon="@drawable/ic_launcher"
68-->src\main\AndroidManifest.xml:48:9-50
69        android:supportsRtl="true"
69-->src\main\AndroidManifest.xml:49:9-35
70        android:theme="@style/Theme.ColorMineBank"
70-->src\main\AndroidManifest.xml:50:9-51
71        android:usesCleartextTraffic="true" >
71-->src\main\AndroidManifest.xml:51:9-44
72
73        <!-- Splash -->
74        <activity
74-->src\main\AndroidManifest.xml:55:9-64:20
75            android:name="com.colormine.banking.SplashActivity"
75-->src\main\AndroidManifest.xml:56:13-43
76            android:exported="true"
76-->src\main\AndroidManifest.xml:57:13-36
77            android:screenOrientation="portrait"
77-->src\main\AndroidManifest.xml:59:13-49
78            android:theme="@style/Theme.ColorMineBank.Splash" >
78-->src\main\AndroidManifest.xml:58:13-62
79            <intent-filter>
79-->src\main\AndroidManifest.xml:60:13-63:29
80                <action android:name="android.intent.action.MAIN" />
80-->src\main\AndroidManifest.xml:61:17-69
80-->src\main\AndroidManifest.xml:61:25-66
81
82                <category android:name="android.intent.category.LAUNCHER" />
82-->src\main\AndroidManifest.xml:62:17-77
82-->src\main\AndroidManifest.xml:62:27-74
83            </intent-filter>
84        </activity>
85
86        <!-- Auth Flow -->
87        <activity
87-->src\main\AndroidManifest.xml:67:9-68:76
88            android:name="com.colormine.banking.OnboardingActivity"
88-->src\main\AndroidManifest.xml:67:19-53
89            android:exported="false"
89-->src\main\AndroidManifest.xml:68:50-74
90            android:screenOrientation="portrait" />
90-->src\main\AndroidManifest.xml:68:13-49
91        <activity
91-->src\main\AndroidManifest.xml:69:9-70:76
92            android:name="com.colormine.banking.LoginSignupActivity"
92-->src\main\AndroidManifest.xml:69:19-54
93            android:exported="false"
93-->src\main\AndroidManifest.xml:70:50-74
94            android:screenOrientation="portrait" />
94-->src\main\AndroidManifest.xml:70:13-49
95        <activity
95-->src\main\AndroidManifest.xml:71:9-72:76
96            android:name="com.colormine.banking.ForgotPasswordActivity"
96-->src\main\AndroidManifest.xml:71:19-57
97            android:exported="false"
97-->src\main\AndroidManifest.xml:72:50-74
98            android:screenOrientation="portrait" />
98-->src\main\AndroidManifest.xml:72:13-49
99        <activity
99-->src\main\AndroidManifest.xml:73:9-74:76
100            android:name="com.colormine.banking.VerifyOtpActivity"
100-->src\main\AndroidManifest.xml:73:19-52
101            android:exported="false"
101-->src\main\AndroidManifest.xml:74:50-74
102            android:screenOrientation="portrait" />
102-->src\main\AndroidManifest.xml:74:13-49
103
104        <!-- Main App -->
105        <activity
105-->src\main\AndroidManifest.xml:77:9-78:76
106            android:name="com.colormine.banking.HomeActivity"
106-->src\main\AndroidManifest.xml:77:19-47
107            android:exported="false"
107-->src\main\AndroidManifest.xml:78:50-74
108            android:screenOrientation="portrait" />
108-->src\main\AndroidManifest.xml:78:13-49
109        <activity
109-->src\main\AndroidManifest.xml:79:9-80:76
110            android:name="com.colormine.banking.CardDetailActivity"
110-->src\main\AndroidManifest.xml:79:19-53
111            android:exported="false"
111-->src\main\AndroidManifest.xml:80:50-74
112            android:screenOrientation="portrait" />
112-->src\main\AndroidManifest.xml:80:13-49
113        <activity
113-->src\main\AndroidManifest.xml:81:9-82:76
114            android:name="com.colormine.banking.CardStatisticActivity"
114-->src\main\AndroidManifest.xml:81:19-56
115            android:exported="false"
115-->src\main\AndroidManifest.xml:82:50-74
116            android:screenOrientation="portrait" />
116-->src\main\AndroidManifest.xml:82:13-49
117        <activity
117-->src\main\AndroidManifest.xml:83:9-84:76
118            android:name="com.colormine.banking.SendMoneyActivity"
118-->src\main\AndroidManifest.xml:83:19-52
119            android:exported="false"
119-->src\main\AndroidManifest.xml:84:50-74
120            android:screenOrientation="portrait" />
120-->src\main\AndroidManifest.xml:84:13-49
121        <activity
121-->src\main\AndroidManifest.xml:85:9-86:76
122            android:name="com.colormine.banking.TransferSuccessActivity"
122-->src\main\AndroidManifest.xml:85:19-58
123            android:exported="false"
123-->src\main\AndroidManifest.xml:86:50-74
124            android:screenOrientation="portrait" />
124-->src\main\AndroidManifest.xml:86:13-49
125        <activity
125-->src\main\AndroidManifest.xml:87:9-88:76
126            android:name="com.colormine.banking.TransactionHistoryActivity"
126-->src\main\AndroidManifest.xml:87:19-61
127            android:exported="false"
127-->src\main\AndroidManifest.xml:88:50-74
128            android:screenOrientation="portrait" />
128-->src\main\AndroidManifest.xml:88:13-49
129
130        <!-- Account & Settings -->
131        <activity
131-->src\main\AndroidManifest.xml:91:9-92:76
132            android:name="com.colormine.banking.AccountActivity"
132-->src\main\AndroidManifest.xml:91:19-50
133            android:exported="false"
133-->src\main\AndroidManifest.xml:92:50-74
134            android:screenOrientation="portrait" />
134-->src\main\AndroidManifest.xml:92:13-49
135        <activity
135-->src\main\AndroidManifest.xml:93:9-94:76
136            android:name="com.colormine.banking.SecurityActivity"
136-->src\main\AndroidManifest.xml:93:19-51
137            android:exported="false"
137-->src\main\AndroidManifest.xml:94:50-74
138            android:screenOrientation="portrait" />
138-->src\main\AndroidManifest.xml:94:13-49
139        <activity
139-->src\main\AndroidManifest.xml:95:9-96:76
140            android:name="com.colormine.banking.SettingsActivity"
140-->src\main\AndroidManifest.xml:95:19-51
141            android:exported="false"
141-->src\main\AndroidManifest.xml:96:50-74
142            android:screenOrientation="portrait" />
142-->src\main\AndroidManifest.xml:96:13-49
143        <activity
143-->src\main\AndroidManifest.xml:97:9-98:76
144            android:name="com.colormine.banking.HelpActivity"
144-->src\main\AndroidManifest.xml:97:19-47
145            android:exported="false"
145-->src\main\AndroidManifest.xml:98:50-74
146            android:screenOrientation="portrait" />
146-->src\main\AndroidManifest.xml:98:13-49
147        <activity
147-->src\main\AndroidManifest.xml:99:9-100:76
148            android:name="com.colormine.banking.CameraActivity"
148-->src\main\AndroidManifest.xml:99:19-49
149            android:exported="false"
149-->src\main\AndroidManifest.xml:100:50-74
150            android:screenOrientation="portrait" />
150-->src\main\AndroidManifest.xml:100:13-49
151
152        <!-- Background Service -->
153        <service
153-->src\main\AndroidManifest.xml:103:9-106:40
154            android:name="com.colormine.banking.services.SyncService"
154-->src\main\AndroidManifest.xml:104:13-49
155            android:enabled="true"
155-->src\main\AndroidManifest.xml:105:13-35
156            android:exported="false" />
156-->src\main\AndroidManifest.xml:106:13-37
157
158        <!-- Broadcast Receiver -->
159        <receiver
159-->src\main\AndroidManifest.xml:109:9-115:20
160            android:name="com.colormine.banking.receivers.NetworkChangeReceiver"
160-->src\main\AndroidManifest.xml:110:13-60
161            android:exported="false" >
161-->src\main\AndroidManifest.xml:111:13-37
162            <intent-filter>
162-->src\main\AndroidManifest.xml:112:13-114:29
163                <action android:name="android.net.conn.CONNECTIVITY_CHANGE" />
163-->src\main\AndroidManifest.xml:113:17-79
163-->src\main\AndroidManifest.xml:113:25-76
164            </intent-filter>
165        </receiver>
166        <receiver
166-->src\main\AndroidManifest.xml:117:9-119:40
167            android:name="com.colormine.banking.receivers.BluetoothReceiver"
167-->src\main\AndroidManifest.xml:118:13-56
168            android:exported="false" />
168-->src\main\AndroidManifest.xml:119:13-37
169
170        <provider
170-->[androidx.emoji2:emoji2:1.3.0] AndroidManifest.xml:24:9-32:20
171            android:name="androidx.startup.InitializationProvider"
171-->[androidx.emoji2:emoji2:1.3.0] AndroidManifest.xml:25:13-67
172            android:authorities="com.colormine.banking.androidx-startup"
172-->[androidx.emoji2:emoji2:1.3.0] AndroidManifest.xml:26:13-68
173            android:exported="false" >
173-->[androidx.emoji2:emoji2:1.3.0] AndroidManifest.xml:27:13-37
174            <meta-data
174-->[androidx.emoji2:emoji2:1.3.0] AndroidManifest.xml:29:13-31:52
175                android:name="androidx.emoji2.text.EmojiCompatInitializer"
175-->[androidx.emoji2:emoji2:1.3.0] AndroidManifest.xml:30:17-75
176                android:value="androidx.startup" />
176-->[androidx.emoji2:emoji2:1.3.0] AndroidManifest.xml:31:17-49
177            <meta-data
177-->[androidx.lifecycle:lifecycle-process:2.6.2] AndroidManifest.xml:29:13-31:52
178                android:name="androidx.lifecycle.ProcessLifecycleInitializer"
178-->[androidx.lifecycle:lifecycle-process:2.6.2] AndroidManifest.xml:30:17-78
179                android:value="androidx.startup" />
179-->[androidx.lifecycle:lifecycle-process:2.6.2] AndroidManifest.xml:31:17-49
180            <meta-data
180-->[androidx.profileinstaller:profileinstaller:1.3.1] AndroidManifest.xml:29:13-31:52
181                android:name="androidx.profileinstaller.ProfileInstallerInitializer"
181-->[androidx.profileinstaller:profileinstaller:1.3.1] AndroidManifest.xml:30:17-85
182                android:value="androidx.startup" />
182-->[androidx.profileinstaller:profileinstaller:1.3.1] AndroidManifest.xml:31:17-49
183        </provider>
184
185        <activity
185-->[com.google.firebase:firebase-auth:22.3.0] AndroidManifest.xml:29:9-46:20
186            android:name="com.google.firebase.auth.internal.GenericIdpActivity"
186-->[com.google.firebase:firebase-auth:22.3.0] AndroidManifest.xml:30:13-80
187            android:excludeFromRecents="true"
187-->[com.google.firebase:firebase-auth:22.3.0] AndroidManifest.xml:31:13-46
188            android:exported="true"
188-->[com.google.firebase:firebase-auth:22.3.0] AndroidManifest.xml:32:13-36
189            android:launchMode="singleTask"
189-->[com.google.firebase:firebase-auth:22.3.0] AndroidManifest.xml:33:13-44
190            android:theme="@android:style/Theme.Translucent.NoTitleBar" >
190-->[com.google.firebase:firebase-auth:22.3.0] AndroidManifest.xml:34:13-72
191            <intent-filter>
191-->[com.google.firebase:firebase-auth:22.3.0] AndroidManifest.xml:35:13-45:29
192                <action android:name="android.intent.action.VIEW" />
192-->[com.google.firebase:firebase-auth:22.3.0] AndroidManifest.xml:36:17-69
192-->[com.google.firebase:firebase-auth:22.3.0] AndroidManifest.xml:36:25-66
193
194                <category android:name="android.intent.category.DEFAULT" />
194-->[com.google.firebase:firebase-auth:22.3.0] AndroidManifest.xml:38:17-76
194-->[com.google.firebase:firebase-auth:22.3.0] AndroidManifest.xml:38:27-73
195                <category android:name="android.intent.category.BROWSABLE" />
195-->[com.google.firebase:firebase-auth:22.3.0] AndroidManifest.xml:39:17-78
195-->[com.google.firebase:firebase-auth:22.3.0] AndroidManifest.xml:39:27-75
196
197                <data
197-->[com.google.firebase:firebase-auth:22.3.0] AndroidManifest.xml:41:17-44:51
198                    android:host="firebase.auth"
198-->[com.google.firebase:firebase-auth:22.3.0] AndroidManifest.xml:42:21-49
199                    android:path="/"
199-->[com.google.firebase:firebase-auth:22.3.0] AndroidManifest.xml:43:21-37
200                    android:scheme="genericidp" />
200-->[com.google.firebase:firebase-auth:22.3.0] AndroidManifest.xml:44:21-48
201            </intent-filter>
202        </activity>
203        <activity
203-->[com.google.firebase:firebase-auth:22.3.0] AndroidManifest.xml:47:9-64:20
204            android:name="com.google.firebase.auth.internal.RecaptchaActivity"
204-->[com.google.firebase:firebase-auth:22.3.0] AndroidManifest.xml:48:13-79
205            android:excludeFromRecents="true"
205-->[com.google.firebase:firebase-auth:22.3.0] AndroidManifest.xml:49:13-46
206            android:exported="true"
206-->[com.google.firebase:firebase-auth:22.3.0] AndroidManifest.xml:50:13-36
207            android:launchMode="singleTask"
207-->[com.google.firebase:firebase-auth:22.3.0] AndroidManifest.xml:51:13-44
208            android:theme="@android:style/Theme.Translucent.NoTitleBar" >
208-->[com.google.firebase:firebase-auth:22.3.0] AndroidManifest.xml:52:13-72
209            <intent-filter>
209-->[com.google.firebase:firebase-auth:22.3.0] AndroidManifest.xml:53:13-63:29
210                <action android:name="android.intent.action.VIEW" />
210-->[com.google.firebase:firebase-auth:22.3.0] AndroidManifest.xml:36:17-69
210-->[com.google.firebase:firebase-auth:22.3.0] AndroidManifest.xml:36:25-66
211
212                <category android:name="android.intent.category.DEFAULT" />
212-->[com.google.firebase:firebase-auth:22.3.0] AndroidManifest.xml:38:17-76
212-->[com.google.firebase:firebase-auth:22.3.0] AndroidManifest.xml:38:27-73
213                <category android:name="android.intent.category.BROWSABLE" />
213-->[com.google.firebase:firebase-auth:22.3.0] AndroidManifest.xml:39:17-78
213-->[com.google.firebase:firebase-auth:22.3.0] AndroidManifest.xml:39:27-75
214
215                <data
215-->[com.google.firebase:firebase-auth:22.3.0] AndroidManifest.xml:41:17-44:51
216                    android:host="firebase.auth"
216-->[com.google.firebase:firebase-auth:22.3.0] AndroidManifest.xml:42:21-49
217                    android:path="/"
217-->[com.google.firebase:firebase-auth:22.3.0] AndroidManifest.xml:43:21-37
218                    android:scheme="recaptcha" />
218-->[com.google.firebase:firebase-auth:22.3.0] AndroidManifest.xml:44:21-48
219            </intent-filter>
220        </activity>
221
222        <service
222-->[com.google.firebase:firebase-auth:22.3.0] AndroidManifest.xml:66:9-72:19
223            android:name="com.google.firebase.components.ComponentDiscoveryService"
223-->[com.google.firebase:firebase-auth:22.3.0] AndroidManifest.xml:67:13-84
224            android:directBootAware="true"
224-->[com.google.firebase:firebase-common:20.4.2] AndroidManifest.xml:32:13-43
225            android:exported="false" >
225-->[com.google.firebase:firebase-auth:22.3.0] AndroidManifest.xml:68:13-37
226            <meta-data
226-->[com.google.firebase:firebase-auth:22.3.0] AndroidManifest.xml:69:13-71:85
227                android:name="com.google.firebase.components:com.google.firebase.auth.FirebaseAuthRegistrar"
227-->[com.google.firebase:firebase-auth:22.3.0] AndroidManifest.xml:70:17-109
228                android:value="com.google.firebase.components.ComponentRegistrar" />
228-->[com.google.firebase:firebase-auth:22.3.0] AndroidManifest.xml:71:17-82
229            <meta-data
229-->[com.google.firebase:firebase-database:20.3.0] AndroidManifest.xml:29:13-31:85
230                android:name="com.google.firebase.components:com.google.firebase.database.FirebaseDatabaseKtxRegistrar"
230-->[com.google.firebase:firebase-database:20.3.0] AndroidManifest.xml:30:17-120
231                android:value="com.google.firebase.components.ComponentRegistrar" />
231-->[com.google.firebase:firebase-database:20.3.0] AndroidManifest.xml:31:17-82
232            <meta-data
232-->[com.google.firebase:firebase-database:20.3.0] AndroidManifest.xml:32:13-34:85
233                android:name="com.google.firebase.components:com.google.firebase.database.DatabaseRegistrar"
233-->[com.google.firebase:firebase-database:20.3.0] AndroidManifest.xml:33:17-109
234                android:value="com.google.firebase.components.ComponentRegistrar" />
234-->[com.google.firebase:firebase-database:20.3.0] AndroidManifest.xml:34:17-82
235            <meta-data
235-->[com.google.firebase:firebase-common-ktx:20.4.2] AndroidManifest.xml:12:13-14:85
236                android:name="com.google.firebase.components:com.google.firebase.ktx.FirebaseCommonLegacyRegistrar"
236-->[com.google.firebase:firebase-common-ktx:20.4.2] AndroidManifest.xml:13:17-116
237                android:value="com.google.firebase.components.ComponentRegistrar" />
237-->[com.google.firebase:firebase-common-ktx:20.4.2] AndroidManifest.xml:14:17-82
238            <meta-data
238-->[com.google.firebase:firebase-common:20.4.2] AndroidManifest.xml:35:13-37:85
239                android:name="com.google.firebase.components:com.google.firebase.FirebaseCommonKtxRegistrar"
239-->[com.google.firebase:firebase-common:20.4.2] AndroidManifest.xml:36:17-109
240                android:value="com.google.firebase.components.ComponentRegistrar" />
240-->[com.google.firebase:firebase-common:20.4.2] AndroidManifest.xml:37:17-82
241        </service>
242
243        <provider
243-->[com.google.firebase:firebase-common:20.4.2] AndroidManifest.xml:23:9-28:39
244            android:name="com.google.firebase.provider.FirebaseInitProvider"
244-->[com.google.firebase:firebase-common:20.4.2] AndroidManifest.xml:24:13-77
245            android:authorities="com.colormine.banking.firebaseinitprovider"
245-->[com.google.firebase:firebase-common:20.4.2] AndroidManifest.xml:25:13-72
246            android:directBootAware="true"
246-->[com.google.firebase:firebase-common:20.4.2] AndroidManifest.xml:26:13-43
247            android:exported="false"
247-->[com.google.firebase:firebase-common:20.4.2] AndroidManifest.xml:27:13-37
248            android:initOrder="100" />
248-->[com.google.firebase:firebase-common:20.4.2] AndroidManifest.xml:28:13-36
249
250        <activity
250-->[com.google.android.gms:play-services-base:18.1.0] AndroidManifest.xml:20:9-22:45
251            android:name="com.google.android.gms.common.api.GoogleApiActivity"
251-->[com.google.android.gms:play-services-base:18.1.0] AndroidManifest.xml:20:19-85
252            android:exported="false"
252-->[com.google.android.gms:play-services-base:18.1.0] AndroidManifest.xml:22:19-43
253            android:theme="@android:style/Theme.Translucent.NoTitleBar" />
253-->[com.google.android.gms:play-services-base:18.1.0] AndroidManifest.xml:21:19-78
254
255        <meta-data
255-->[com.google.android.gms:play-services-basement:18.1.0] AndroidManifest.xml:21:9-23:69
256            android:name="com.google.android.gms.version"
256-->[com.google.android.gms:play-services-basement:18.1.0] AndroidManifest.xml:22:13-58
257            android:value="@integer/google_play_services_version" />
257-->[com.google.android.gms:play-services-basement:18.1.0] AndroidManifest.xml:23:13-66
258
259        <receiver
259-->[androidx.profileinstaller:profileinstaller:1.3.1] AndroidManifest.xml:34:9-52:20
260            android:name="androidx.profileinstaller.ProfileInstallReceiver"
260-->[androidx.profileinstaller:profileinstaller:1.3.1] AndroidManifest.xml:35:13-76
261            android:directBootAware="false"
261-->[androidx.profileinstaller:profileinstaller:1.3.1] AndroidManifest.xml:36:13-44
262            android:enabled="true"
262-->[androidx.profileinstaller:profileinstaller:1.3.1] AndroidManifest.xml:37:13-35
263            android:exported="true"
263-->[androidx.profileinstaller:profileinstaller:1.3.1] AndroidManifest.xml:38:13-36
264            android:permission="android.permission.DUMP" >
264-->[androidx.profileinstaller:profileinstaller:1.3.1] AndroidManifest.xml:39:13-57
265            <intent-filter>
265-->[androidx.profileinstaller:profileinstaller:1.3.1] AndroidManifest.xml:40:13-42:29
266                <action android:name="androidx.profileinstaller.action.INSTALL_PROFILE" />
266-->[androidx.profileinstaller:profileinstaller:1.3.1] AndroidManifest.xml:41:17-91
266-->[androidx.profileinstaller:profileinstaller:1.3.1] AndroidManifest.xml:41:25-88
267            </intent-filter>
268            <intent-filter>
268-->[androidx.profileinstaller:profileinstaller:1.3.1] AndroidManifest.xml:43:13-45:29
269                <action android:name="androidx.profileinstaller.action.SKIP_FILE" />
269-->[androidx.profileinstaller:profileinstaller:1.3.1] AndroidManifest.xml:44:17-85
269-->[androidx.profileinstaller:profileinstaller:1.3.1] AndroidManifest.xml:44:25-82
270            </intent-filter>
271            <intent-filter>
271-->[androidx.profileinstaller:profileinstaller:1.3.1] AndroidManifest.xml:46:13-48:29
272                <action android:name="androidx.profileinstaller.action.SAVE_PROFILE" />
272-->[androidx.profileinstaller:profileinstaller:1.3.1] AndroidManifest.xml:47:17-88
272-->[androidx.profileinstaller:profileinstaller:1.3.1] AndroidManifest.xml:47:25-85
273            </intent-filter>
274            <intent-filter>
274-->[androidx.profileinstaller:profileinstaller:1.3.1] AndroidManifest.xml:49:13-51:29
275                <action android:name="androidx.profileinstaller.action.BENCHMARK_OPERATION" />
275-->[androidx.profileinstaller:profileinstaller:1.3.1] AndroidManifest.xml:50:17-95
275-->[androidx.profileinstaller:profileinstaller:1.3.1] AndroidManifest.xml:50:25-92
276            </intent-filter>
277        </receiver>
278    </application>
279
280</manifest>